malloc(0x591)
malloc(0x491)
malloc(0x10)
malloc(0x4b)
malloc(0x28)
malloc(0x140)
malloc(0x4f)
malloc(0x10)
malloc(0x4f)
malloc(0x89)
free(0x7f558a278e20)
free(0x7f558a278dc0)
malloc(0x5f)
malloc(0x4a0)
malloc(0x5f)
malloc(0x28)
malloc(0x4a2)
malloc(0x28)
malloc(0x20)
malloc(0x49a)
malloc(0x20)
malloc(0x38)
malloc(0x28)
malloc(0x28)
malloc(0x58)
malloc(0x90)
malloc(0x48)
malloc(0xf0)
malloc(0x60)
malloc(0x270)
malloc(0x90)
malloc(0x410)
malloc(0x110)
malloc(0x25)
malloc(0x25)
  returns 0x607010
malloc(0x238)
  returns 0x607040
free(0x607040)
malloc(0x30)
  returns 0x607040
malloc(0x30)
  returns 0x607080
malloc(0x30)
  returns 0x6070c0
malloc(0x30)
  returns 0x607100
malloc(0x30)
  returns 0x607140
malloc(0x30)
  returns 0x607180
malloc(0x30)
  returns 0x6071c0
malloc(0x30)
  returns 0x607200
malloc(0x30)
  returns 0x607240
malloc(0x30)
  returns 0x607280
malloc(0x30)
  returns 0x6072c0
malloc(0x30)
  returns 0x607300
malloc(0x30)
  returns 0x607340
malloc(0x30)
  returns 0x607380
malloc(0x30)
  returns 0x6073c0
malloc(0x30)
  returns 0x607400
malloc(0x30)
  returns 0x607440
malloc(0x30)
  returns 0x607480
malloc(0x30)
  returns 0x6074c0
malloc(0x30)
  returns 0x607500
malloc(0x30)
  returns 0x607540
malloc(0x30)
  returns 0x607580
malloc(0x30)
  returns 0x6075c0
malloc(0x30)
  returns 0x607600
malloc(0x30)
  returns 0x607640
malloc(0x30)
  returns 0x607680
malloc(0x30)
  returns 0x6076c0
malloc(0x30)
  returns 0x607700
malloc(0x30)
  returns 0x607740
malloc(0x30)
  returns 0x607780
malloc(0x30)
  returns 0x6077c0
malloc(0x30)
  returns 0x607800
malloc(0x30)
  returns 0x607840
malloc(0x30)
  returns 0x607880
malloc(0x30)
  returns 0x6078c0
malloc(0x30)
  returns 0x607900
malloc(0x30)
  returns 0x607940
malloc(0x30)
  returns 0x607980
malloc(0x30)
  returns 0x6079c0
malloc(0x30)
  returns 0x607a00
malloc(0x133)
  returns 0x607a40
malloc(0x245)
  returns 0x607b80
malloc(0x140)
  returns 0x607dd0
malloc(0x132)
  returns 0x607f20
malloc(0x130)
  returns 0x608060
free(0x607f20)
free(0x607dd0)
malloc(0xc)
  returns 0x607dd0
free(0x607dd0)
malloc(0x38)
  returns 0x607df0
malloc(0x8b)
  returns 0x607e30
malloc(0x18)
  returns 0x607dd0
malloc(0x88)
  returns 0x607ed0
free(0x607e30)
malloc(0xd)
  returns 0x607e30
malloc(0x18)
  returns 0x607e50
malloc(0x8)
  returns 0x607e70
free(0x607e30)
malloc(0x8a)
  returns 0x607f60
malloc(0x18)
  returns 0x607e30
malloc(0x80)
  returns 0x6081a0
free(0x607f60)
free(0x608060)
free(0x607ed0)
free(0x607dd0)
free(0x607e70)
free(0x607e50)
free(0x6081a0)
free(0x607e30)
free(0x607df0)
malloc(0x18)
  returns 0x607e30
malloc(0x68)
  returns 0x607e50
malloc(0x64)
  returns 0x607ec0
malloc(0x298)
  returns 0x607f30
malloc(0x298)
  returns 0x6081d0
free(0x607ec0)
malloc(0x2b)
  returns 0x607df0
malloc(0x68)
  returns 0x607ec0
free(0x607ec0)
malloc(0x68)
  returns 0x607ec0
free(0x607ec0)
malloc(0x72)
  returns 0x608590
malloc(0x18)
  returns 0x607dd0
malloc(0x68)
  returns 0x607ec0
malloc(0xae)
  returns 0x608610
malloc(0xa1)
  returns 0x6086d0
malloc(0x9f)
  returns 0x608780
free(0x6086d0)
free(0x608610)
malloc(0x4)
  returns 0x608610
free(0x608610)
malloc(0x18)
  returns 0x608610
malloc(0x8b)
  returns 0x608630
malloc(0x18)
  returns 0x6086d0
malloc(0x88)
  returns 0x6086f0
free(0x608630)
malloc(0xd)
  returns 0x608630
malloc(0x18)
  returns 0x608650
malloc(0x8)
  returns 0x608670
free(0x608630)
free(0x608780)
malloc(0xae)
  returns 0x608780
malloc(0xa1)
  returns 0x608840
malloc(0x9f)
  returns 0x6088f0
free(0x608840)
free(0x608780)
malloc(0x4)
  returns 0x608630
free(0x608630)
malloc(0x18)
  returns 0x608630
malloc(0x8b)
  returns 0x608780
malloc(0x18)
  returns 0x608820
malloc(0x88)
  returns 0x608840
free(0x608780)
malloc(0xd)
  returns 0x6088d0
malloc(0x18)
  returns 0x608690
malloc(0x8)
  returns 0x6086b0
free(0x6088d0)
free(0x6088f0)
free(0x608840)
free(0x608820)
free(0x6086b0)
free(0x608690)
free(0x608630)
malloc(0x99)
  returns 0x608840
malloc(0x1f)
  returns 0x607df0
free(0x607df0)
malloc(0x72)
  returns 0x608780
malloc(0x18)
  returns 0x608630
malloc(0x68)
  returns 0x6088f0
free(0x608840)
free(0x608780)
malloc(0x10)
  returns 0x608690
malloc(0x18)
  returns 0x6086b0
malloc(0x80)
  returns 0x608840
malloc(0x80)
  returns 0x608960
malloc(0x110)
  returns 0x608b00
malloc(0x100)
  returns 0x608c20
free(0x608960)
free(0x608b00)
free(0x608c20)
free(0x6088f0)
free(0x608630)
malloc(0x1b)
  returns 0x607df0
malloc(0x8)
  returns 0x608630
malloc(0x15)
  returns 0x608960
malloc(0x80)
  returns 0x608780
free(0x608780)
malloc(0x80)
  returns 0x608b00
free(0x608b00)
free(0x608630)
free(0x607df0)
free(0x6086f0)
free(0x6086d0)
free(0x608670)
free(0x608650)
free(0x608610)
free(0x6089f0)
free(0x6086b0)
free(0x608690)
malloc(0x140)
  returns 0x6088b0
malloc(0x132)
  returns 0x608a00
malloc(0x130)
  returns 0x608b40
free(0x608a00)
free(0x6088b0)
malloc(0xc)
  returns 0x608690
free(0x608690)
malloc(0x38)
  returns 0x607df0
malloc(0x8b)
  returns 0x6088b0
malloc(0x18)
  returns 0x608690
malloc(0x88)
  returns 0x608950
free(0x6088b0)
malloc(0xd)
  returns 0x6086b0
malloc(0x18)
  returns 0x608610
malloc(0x8)
  returns 0x608630
free(0x6086b0)
malloc(0x8a)
  returns 0x6088b0
malloc(0x18)
  returns 0x6086b0
malloc(0x80)
  returns 0x6086d0
free(0x6088b0)
free(0x608b40)
malloc(0x9e)
  returns 0x6089e0
malloc(0x92)
  returns 0x6088b0
malloc(0x4)
  returns 0x608760
malloc(0x10)
  returns 0x608650
malloc(0x8a)
  returns 0x608a90
malloc(0x18)
  returns 0x608670
malloc(0x80)
  returns 0x608b30
free(0x608a90)
free(0x6089e0)
free(0x6088b0)
free(0x608760)
malloc(0x18)
  returns 0x608760
malloc(0x80)
  returns 0x6088b0
malloc(0x80)
  returns 0x6089e0
malloc(0x110)
  returns 0x608cd0
malloc(0x100)
  returns 0x608df0
malloc(0x100)
  returns 0x608f00
free(0x608f00)
free(0x6089e0)
free(0x608cd0)
free(0x608df0)
malloc(0x4)
  returns 0x6088b0
malloc(0x68)
  returns 0x6088d0
free(0x6088d0)
malloc(0xd2)
  returns 0x608cd0
free(0x6089e0)
malloc(0x68)
  returns 0x6089e0
free(0x6089e0)
free(0x608950)
free(0x608690)
free(0x608630)
free(0x608610)
free(0x6086d0)
free(0x6086b0)
free(0x607df0)
free(0x608bc0)
free(0x608760)
free(0x608b30)
free(0x608670)
free(0x608650)
free(0x608780)
free(0x608470)
free(0x607a40)
free(0x607b80)
